--------------------------------------------------------------------------------
Release 14.7 Trace  (nt64)
Copyright (c) 1995-2013 Xilinx, Inc.  All rights reserved.

C:\Xilinx\14.7\ISE_DS\ISE\bin\nt64\unwrapped\trce.exe -intstyle ise -v 3 -s 3
-n 3 -fastpaths -xml Hex2LED.twx Hex2LED.ncd -o Hex2LED.twr Hex2LED.pcf

Design file:              Hex2LED.ncd
Physical constraint file: Hex2LED.pcf
Device,package,speed:     xc7a100t,csg324,C,-3 (PRODUCTION 1.10 2013-10-13)
Report level:             verbose report

Environment Variable      Effect 
--------------------      ------ 
NONE                      No environment variables were set
--------------------------------------------------------------------------------

INFO:Timing:2698 - No timing constraints found, doing default enumeration.
INFO:Timing:3412 - To improve timing, see the Timing Closure User Guide (UG612).
INFO:Timing:2752 - To get complete path coverage, use the unconstrained paths 
   option. All paths that are not constrained will be reported in the 
   unconstrained paths section(s) of the report.
INFO:Timing:3339 - The clock-to-out numbers in this timing report are based on 
   a 50 Ohm transmission line loading model.  For the details of this model, 
   and for more information on accounting for different loading conditions, 
   please see the device datasheet.



Data Sheet report:
-----------------
All values displayed in nanoseconds (ns)

Pad to Pad
---------------+---------------+---------+
Source Pad     |Destination Pad|  Delay  |
---------------+---------------+---------+
X<0>           |Y<0>           |    5.607|
X<0>           |Y<1>           |    5.456|
X<0>           |Y<2>           |    5.608|
X<0>           |Y<3>           |    5.462|
X<0>           |Y<4>           |    5.703|
X<0>           |Y<5>           |    5.480|
X<0>           |Y<6>           |    5.573|
X<1>           |Y<0>           |    5.714|
X<1>           |Y<1>           |    5.568|
X<1>           |Y<2>           |    5.468|
X<1>           |Y<3>           |    5.573|
X<1>           |Y<4>           |    5.567|
X<1>           |Y<5>           |    5.326|
X<1>           |Y<6>           |    5.423|
X<2>           |Y<0>           |    5.315|
X<2>           |Y<1>           |    5.102|
X<2>           |Y<2>           |    5.468|
X<2>           |Y<3>           |    5.166|
X<2>           |Y<4>           |    5.575|
X<2>           |Y<5>           |    5.324|
X<2>           |Y<6>           |    5.429|
X<3>           |Y<0>           |    5.590|
X<3>           |Y<1>           |    5.428|
X<3>           |Y<2>           |    5.326|
X<3>           |Y<3>           |    5.434|
X<3>           |Y<4>           |    5.421|
X<3>           |Y<5>           |    5.190|
X<3>           |Y<6>           |    5.283|
---------------+---------------+---------+


Analysis completed Mon Feb 13 22:17:18 2017 
--------------------------------------------------------------------------------

Trace Settings:
-------------------------
Trace Settings 

Peak Memory Usage: 675 MB



