Release 14.7 - xst P.20131013 (nt64)
Copyright (c) 1995-2013 Xilinx, Inc.  All rights reserved.
--> Parameter TMPDIR set to xst/projnav.tmp


Total REAL time to Xst completion: 0.00 secs
Total CPU time to Xst completion: 0.11 secs
 
--> Parameter xsthdpdir set to xst


Total REAL time to Xst completion: 0.00 secs
Total CPU time to Xst completion: 0.11 secs
 
--> Reading design: trojan1.prj

TABLE OF CONTENTS
  1) Synthesis Options Summary
  2) HDL Parsing
  3) HDL Elaboration
  4) HDL Synthesis
       4.1) HDL Synthesis Report
  5) Advanced HDL Synthesis
       5.1) Advanced HDL Synthesis Report
  6) Low Level Synthesis
  7) Partition Report
  8) Design Summary
       8.1) Primitive and Black Box Usage
       8.2) Device utilization summary
       8.3) Partition Resource Summary
       8.4) Timing Report
            8.4.1) Clock Information
            8.4.2) Asynchronous Control Signals Information
            8.4.3) Timing Summary
            8.4.4) Timing Details
            8.4.5) Cross Clock Domains Report


=========================================================================
*                      Synthesis Options Summary                        *
=========================================================================
---- Source Parameters
Input File Name                    : "trojan1.prj"
Ignore Synthesis Constraint File   : NO

---- Target Parameters
Output File Name                   : "trojan1"
Output Format                      : NGC
Target Device                      : xc7a100t-3-csg324

---- Source Options
Top Module Name                    : trojan1
Automatic FSM Extraction           : YES
FSM Encoding Algorithm             : Auto
Safe Implementation                : No
FSM Style                          : LUT
RAM Extraction                     : Yes
RAM Style                          : Auto
ROM Extraction                     : Yes
Shift Register Extraction          : YES
ROM Style                          : Auto
Resource Sharing                   : YES
Asynchronous To Synchronous        : NO
Shift Register Minimum Size        : 2
Use DSP Block                      : Auto
Automatic Register Balancing       : No

---- Target Options
LUT Combining                      : Auto
Reduce Control Sets                : Auto
Add IO Buffers                     : YES
Global Maximum Fanout              : 100000
Add Generic Clock Buffer(BUFG)     : 32
Register Duplication               : YES
Optimize Instantiated Primitives   : NO
Use Clock Enable                   : Auto
Use Synchronous Set                : Auto
Use Synchronous Reset              : Auto
Pack IO Registers into IOBs        : Auto
Equivalent register Removal        : YES

---- General Options
Optimization Goal                  : Speed
Optimization Effort                : 1
Power Reduction                    : NO
Keep Hierarchy                     : No
Netlist Hierarchy                  : As_Optimized
RTL Output                         : Yes
Global Optimization                : AllClockNets
Read Cores                         : YES
Write Timing Constraints           : NO
Cross Clock Analysis               : NO
Hierarchy Separator                : /
Bus Delimiter                      : <>
Case Specifier                     : Maintain
Slice Utilization Ratio            : 100
BRAM Utilization Ratio             : 100
DSP48 Utilization Ratio            : 100
Auto BRAM Packing                  : NO
Slice Utilization Ratio Delta      : 5

=========================================================================


=========================================================================
*                          HDL Parsing                                  *
=========================================================================
Parsing VHDL file "C:\Users\mos28\Documents\xilinx proj\hardsec\lab7_mutilated\srom.vhd" into library work
Parsing package <srom>.
Parsing package body <srom>.
Parsing VHDL file "C:\Users\mos28\Documents\xilinx proj\hardsec\lab7_mutilated\trojan1.vhd" into library work
Parsing entity <trojan1>.
Parsing architecture <Behavioral> of entity <trojan1>.

=========================================================================
*                            HDL Elaboration                            *
=========================================================================

Elaborating entity <trojan1> (architecture <Behavioral>) from library <work>.
WARNING:HDLCompiler:92 - "C:\Users\mos28\Documents\xilinx proj\hardsec\lab7_mutilated\trojan1.vhd" Line 86: inled should be on the sensitivity list of the process
WARNING:HDLCompiler:92 - "C:\Users\mos28\Documents\xilinx proj\hardsec\lab7_mutilated\trojan1.vhd" Line 89: inled should be on the sensitivity list of the process

=========================================================================
*                           HDL Synthesis                               *
=========================================================================

Synthesizing Unit <trojan1>.
    Related source file is "C:\Users\mos28\Documents\xilinx proj\hardsec\lab7_mutilated\trojan1.vhd".
    Summary:
	inferred  17 Multiplexer(s).
Unit <trojan1> synthesized.

=========================================================================
HDL Synthesis Report

Macro Statistics
# Multiplexers                                         : 17
 8-bit 2-to-1 multiplexer                              : 17

=========================================================================

=========================================================================
*                       Advanced HDL Synthesis                          *
=========================================================================


=========================================================================
Advanced HDL Synthesis Report

Macro Statistics
# Multiplexers                                         : 17
 8-bit 2-to-1 multiplexer                              : 17

=========================================================================

=========================================================================
*                         Low Level Synthesis                           *
=========================================================================

Optimizing unit <trojan1> ...

Mapping all equations...
Building and optimizing final netlist ...
Found area constraint ratio of 100 (+ 5) on block trojan1, actual ratio is 0.

Final Macro Processing ...

=========================================================================
Final Register Report

Found no macro
=========================================================================

=========================================================================
*                           Partition Report                            *
=========================================================================

Partition Implementation Status
-------------------------------

  No Partitions were found in this design.

-------------------------------

=========================================================================
*                            Design Summary                             *
=========================================================================

Top Level Output File Name         : trojan1.ngc

Primitive and Black Box Usage:
------------------------------
# BELS                             : 100
#      LUT3                        : 1
#      LUT4                        : 12
#      LUT5                        : 21
#      LUT6                        : 66
# IO Buffers                       : 165
#      IBUF                        : 157
#      OBUF                        : 8

Device utilization summary:
---------------------------

Selected Device : 7a100tcsg324-3 


Slice Logic Utilization: 
 Number of Slice LUTs:                  100  out of  63400     0%  
    Number used as Logic:               100  out of  63400     0%  

Slice Logic Distribution: 
 Number of LUT Flip Flop pairs used:    100
   Number with an unused Flip Flop:     100  out of    100   100%  
   Number with an unused LUT:             0  out of    100     0%  
   Number of fully used LUT-FF pairs:     0  out of    100     0%  
   Number of unique control sets:         0

IO Utilization: 
 Number of IOs:                         165
 Number of bonded IOBs:                 165  out of    210    78%  

Specific Feature Utilization:

---------------------------
Partition Resource Summary:
---------------------------

  No Partitions were found in this design.

---------------------------


=========================================================================
Timing Report

NOTE: THESE TIMING NUMBERS ARE ONLY A SYNTHESIS ESTIMATE.
      FOR ACCURATE TIMING INFORMATION PLEASE REFER TO THE TRACE REPORT
      GENERATED AFTER PLACE-and-ROUTE.

Clock Information:
------------------
No clock signals found in this design

Asynchronous Control Signals Information:
----------------------------------------
No asynchronous control signals found in this design

Timing Summary:
---------------
Speed Grade: -3

   Minimum period: No path found
   Minimum input arrival time before clock: No path found
   Maximum output required time after clock: No path found
   Maximum combinational path delay: 4.768ns

Timing Details:
---------------
All values displayed in nanoseconds (ns)

=========================================================================
Timing constraint: Default path analysis
  Total number of paths / destination ports: 6976 / 8
-------------------------------------------------------------------------
Delay:               4.768ns (Levels of Logic = 9)
  Source:            sw<12> (PAD)
  Destination:       led<7> (PAD)

  Data Path: sw<12> to led<7>
                                Gate     Net
    Cell:in->out      fanout   Delay   Delay  Logical Name (Net Name)
    ----------------------------------------  ------------
     IBUF:I->O             1   0.001   0.683  sw_12_IBUF (sw_12_IBUF)
     LUT5:I0->O            2   0.097   0.383  val_PWR_5_o_AND_52_o12 (val_PWR_5_o_AND_52_o12)
     LUT4:I2->O           16   0.097   0.625  val_PWR_5_o_AND_52_o13 (val_PWR_5_o_AND_52_o1)
     LUT5:I1->O            8   0.097   0.716  val_PWR_5_o_AND_52_o2 (val_PWR_5_o_AND_52_o)
     LUT6:I1->O            1   0.097   0.511  Mmux_led129 (Mmux_led129)
     LUT6:I3->O            1   0.097   0.511  Mmux_led1211_SW0 (N4)
     LUT6:I3->O            1   0.097   0.379  Mmux_led1211 (Mmux_led1211)
     LUT6:I4->O            1   0.097   0.279  Mmux_led1212 (led_1_OBUF)
     OBUF:I->O                 0.000          led_1_OBUF (led<1>)
    ----------------------------------------
    Total                      4.768ns (0.680ns logic, 4.088ns route)
                                       (14.3% logic, 85.7% route)

=========================================================================

Cross Clock Domains Report:
--------------------------

=========================================================================


Total REAL time to Xst completion: 10.00 secs
Total CPU time to Xst completion: 10.07 secs
 
--> 

Total memory usage is 430336 kilobytes

Number of errors   :    0 (   0 filtered)
Number of warnings :    2 (   0 filtered)
Number of infos    :    0 (   0 filtered)

