--------------------------------------------------------------------------------
Release 14.7 Trace  (nt64)
Copyright (c) 1995-2013 Xilinx, Inc.  All rights reserved.

C:\Xilinx\14.7\ISE_DS\ISE\bin\nt64\unwrapped\trce.exe -intstyle ise -v 3 -s 3
-n 3 -fastpaths -xml trojan2.twx trojan2.ncd -o trojan2.twr trojan2.pcf

Design file:              trojan2.ncd
Physical constraint file: trojan2.pcf
Device,package,speed:     xc7a100t,csg324,C,-3 (PRODUCTION 1.10 2013-10-13)
Report level:             verbose report

Environment Variable      Effect 
--------------------      ------ 
NONE                      No environment variables were set
--------------------------------------------------------------------------------

INFO:Timing:2698 - No timing constraints found, doing default enumeration.
INFO:Timing:3412 - To improve timing, see the Timing Closure User Guide (UG612).
INFO:Timing:2752 - To get complete path coverage, use the unconstrained paths 
   option. All paths that are not constrained will be reported in the 
   unconstrained paths section(s) of the report.
INFO:Timing:3339 - The clock-to-out numbers in this timing report are based on 
   a 50 Ohm transmission line loading model.  For the details of this model, 
   and for more information on accounting for different loading conditions, 
   please see the device datasheet.



Data Sheet report:
-----------------
All values displayed in nanoseconds (ns)

Pad to Pad
---------------+---------------+---------+
Source Pad     |Destination Pad|  Delay  |
---------------+---------------+---------+
sense<0>       |tri            |    5.308|
sense<1>       |tri            |    5.396|
sense<2>       |tri            |    5.210|
sense<3>       |tri            |    5.015|
sense<4>       |tri            |    5.415|
---------------+---------------+---------+


Analysis completed Fri Feb 10 18:33:02 2017 
--------------------------------------------------------------------------------

Trace Settings:
-------------------------
Trace Settings 

Peak Memory Usage: 675 MB



