Release 14.7 - ngc2edif P.20131013 (nt64)
Copyright (c) 1995-2013 Xilinx, Inc.  All rights reserved.
Reading design rc5dup.ngc ...
WARNING:NetListWriters:298 - No output is written to rc5dup.xncf, ignored.
Processing design ...
   Preping design's networks ...
   Preping design's macros ...
WARNING:NetListWriters:306 - Signal bus key_gen_comp/Maccum_sReg_lut[31 : 0] on
   block rc5dup is not reconstructed, because there are some missing bus
   signals.
  finished :Prep
Writing EDIF netlist file rc5dup.edif ...
ngc2edif: Total memory usage is 96644 kilobytes

Release 14.7 - ngc2edif P.20131013 (nt64)
Copyright (c) 1995-2013 Xilinx, Inc.  All rights reserved.
Reading design rc5dup.ngc ...
WARNING:NetListWriters:298 - No output is written to rc5dup.xncf, ignored.
Processing design ...
   Preping design's networks ...
   Preping design's macros ...
WARNING:NetListWriters:306 - Signal bus key_gen_comp/Maccum_sReg_lut[31 : 0] on
   block rc5dup is not reconstructed, because there are some missing bus
   signals.
  finished :Prep
Writing EDIF netlist file rc5dup.edif ...
ngc2edif: Total memory usage is 96644 kilobytes

